1
3
Lamp
Lamp
22 Apr 2018 12:34:38 GMT
24
1
2
To touch
To touch
22 Apr 2018 12:33:42 GMT
72
1
5
Go
Go
22 Apr 2018 12:38:08 GMT
14
1
4
Danişmaq
Danişmaq
22 Apr 2018 12:37:33 GMT
45
1
1
Look at
Look at
22 Apr 2018 12:33:00 GMT
49
1
4
Child
Tale
7 Feb 2017 19:33:46 GMT
-8
1
1
Child
Hello
7 Feb 2017 19:28:07 GMT
-10
1
3
Word
Child
7 Feb 2017 19:33:13 GMT
-8
1
2
Nağıl
Necəsən
7 Feb 2017 19:32:05 GMT
-29
1
5
Empty
Word
7 Feb 2017 19:34:27 GMT
0
1
4
Tale
Tale
7 Feb 2017 19:33:46 GMT
24
1
1
Hello
Hello
7 Feb 2017 19:28:07 GMT
30
1
3
Uşaq
Uşaq
7 Feb 2017 19:33:13 GMT
25
1
2
How are you
How are you
7 Feb 2017 19:32:05 GMT
88
1
5
Word
Word
7 Feb 2017 19:34:27 GMT
16
1
4
Empty
Nağıl
7 Feb 2017 19:33:46 GMT
0
1
1
Empty
Salam
7 Feb 2017 19:28:07 GMT
0
1
3
Empty
Uşaq
7 Feb 2017 19:33:13 GMT
0
1
2
Empty
How are you
7 Feb 2017 19:32:05 GMT
0
1
5
Empty
Word
7 Feb 2017 19:34:27 GMT
0
1
4
Tale
Tale
7 Feb 2017 19:33:46 GMT
24
1
1
Salam
Salam
7 Feb 2017 19:28:07 GMT
30
1
3
Child
Child
7 Feb 2017 19:33:13 GMT
25
1
2
How are you
How are you
7 Feb 2017 19:32:05 GMT
88
1
5
Söz
Söz
7 Feb 2017 19:34:27 GMT
16
1
6
Dost
Dost
6 Nov 2015 12:39:24 GMT
30
1
3
Tools
Tools
20 Nov 2015 18:54:20 GMT
78
1
7
Iclas
Iclas
20 Nov 2015 18:53:47 GMT
42
1
9
Нос
Нос
20 Nov 2015 20:36:01 GMT
20
1
8
Ухо
Ухо
20 Nov 2015 18:53:38 GMT
12
1
5
Picture
Picture
4 Nov 2015 18:23:10 GMT
42
1
6
Friend
Friend
6 Nov 2015 12:39:24 GMT
30
1
3
Tools
Tools
20 Nov 2015 18:54:20 GMT
78
1
7
Picture Vaiant C
Picture Vaiant C
20 Nov 2015 18:53:47 GMT
42
1
9
Picture Vaiant B
Picture Vaiant B
20 Nov 2015 20:36:01 GMT
20
1
8
Ear
Ear
20 Nov 2015 18:53:38 GMT
12
1
5
Picture Vaiant E
Picture Vaiant E
4 Nov 2015 18:23:10 GMT
42
1
6
Friend
Friend
6 Nov 2015 12:39:24 GMT
30
1
3
Ear
Tools
20 Nov 2015 18:54:20 GMT
-26
1
7
Picture Vaiant C
Picture Vaiant C
20 Nov 2015 18:53:47 GMT
42
1
9
Picture Vaiant B
Picture Vaiant B
20 Nov 2015 20:36:01 GMT
20
1
8
Ear
Ear
20 Nov 2015 18:53:38 GMT
12
1
5
Picture Vaiant E
Picture Vaiant E
4 Nov 2015 18:23:10 GMT
42
1
6
Empty
Dost
6 Nov 2015 12:39:24 GMT
0
1
3
Empty
Tools
20 Nov 2015 18:54:20 GMT
0
1
7
Empty
Iclas
20 Nov 2015 18:53:47 GMT
0
1
9
Empty
Picture Vaiant B
20 Nov 2015 20:36:01 GMT
0
1
8
Empty
Ear
20 Nov 2015 18:53:38 GMT
0
1
5
Empty
Picture Vaiant E
4 Nov 2015 18:23:10 GMT
0
1
6
Empty
Friend
6 Nov 2015 12:39:24 GMT
0
1
3
Empty
Tənzimləmələr
20 Nov 2015 18:54:20 GMT
0
1
7
Empty
Meeting
20 Nov 2015 18:53:47 GMT
0
1
9
Empty
Picture Vaiant B
20 Nov 2015 20:36:01 GMT
0
1
8
Empty
Ухо
20 Nov 2015 18:53:38 GMT
0
1
5
Empty
Picture
4 Nov 2015 18:23:10 GMT
0
1
6
Dost
Dost
6 Nov 2015 12:39:24 GMT
30
1
3
Tənzimləmələr
Tənzimləmələr
20 Nov 2015 18:54:20 GMT
78
1
7
Iclas
Iclas
20 Nov 2015 18:53:47 GMT
42
1
9
Nose
Nose
20 Nov 2015 20:36:01 GMT
20
1
8
Ухо
Ухо
20 Nov 2015 18:53:38 GMT
12
1
5
Şəkil
Şəkil
4 Nov 2015 18:23:10 GMT
42
1
6
Dost
Dost
6 Nov 2015 12:39:24 GMT
30
1
3
Tənzimləmələr
Tənzimləmələr
20 Nov 2015 18:54:20 GMT
78
1
7
Iclas
Iclas
20 Nov 2015 18:53:47 GMT
42
1
9
Nose
Nose
20 Nov 2015 20:36:01 GMT
20
1
8
Ухо
Ухо
20 Nov 2015 18:53:38 GMT
12
1
5
Şəkil
Şəkil
4 Nov 2015 18:23:10 GMT
42
1
6
Picture Vaiant C
Picture Vaiant C
6 Nov 2015 12:39:24 GMT
30
1
3
Tənzimləmələr
Tənzimləmələr
20 Nov 2015 18:54:20 GMT
78
1
7
Picture Vaiant B
Picture Vaiant B
20 Nov 2015 18:53:47 GMT
42
1
9
Picture Vaiant C
Picture Vaiant C
20 Nov 2015 20:36:01 GMT
20
1
8
Empty
Picture Vaiant B
20 Nov 2015 18:53:38 GMT
0
1
5
Empty
Şəkil
4 Nov 2015 18:23:10 GMT
0
1
5
Şəkil
Şəkil
4 Nov 2015 18:23:10 GMT
42
1
7
Meeting
Meeting
20 Nov 2015 18:53:47 GMT
42
1
6
Picture Vaiant E
Picture Vaiant E
6 Nov 2015 12:39:24 GMT
30
1
3
Tools
Tools
20 Nov 2015 18:54:20 GMT
78
1
5
Şəkil
Şəkil
4 Nov 2015 18:23:10 GMT
42
1
7
Meeting
Meeting
20 Nov 2015 18:53:47 GMT
42
1
6
Dost
Dost
6 Nov 2015 12:39:24 GMT
30
1
3
Tənzimləmələr
Tənzimləmələr
20 Nov 2015 18:54:20 GMT
78
1
5
Şəkil
Şəkil
4 Nov 2015 18:23:10 GMT
42
1
7
Meeting
Meeting
20 Nov 2015 18:53:47 GMT
42
1
6
Dost
Dost
6 Nov 2015 12:39:24 GMT
30
1
3
Empty
Tənzimləmələr
20 Nov 2015 18:54:20 GMT
0
